C:\Program Files (x86)\Microsoft Visual Studio\2019\Community\MSBuild\Microsoft\VC\v160\Microsoft.CppBuild.targets(513,5): warning MSB8028: The intermediate directory (Debug\) contains files shared from another project (SFML_Starter.vcxproj).  This can lead to incorrect clean and rebuild behavior.
  Engine.cpp
C:\Users\xpto7\OneDrive\Desktop\SFML Snake\snakegame\src\Engine.cpp(6,28): warning C4244: 'argument': conversion from 'const int' to 'T', possible loss of data
          with
          [
              T=float
          ]
C:\Users\xpto7\OneDrive\Desktop\SFML Snake\snakegame\src\Engine.cpp(6,22): warning C4244: 'argument': conversion from 'const int' to 'T', possible loss of data
          with
          [
              T=float
          ]
C:\Users\xpto7\OneDrive\Desktop\SFML Snake\snakegame\src\Engine.cpp(11,30): warning C4244: 'argument': conversion from 'const float' to 'unsigned int', possible loss of data
C:\Users\xpto7\OneDrive\Desktop\SFML Snake\snakegame\src\Engine.cpp(11,26): warning C4244: 'argument': conversion from 'const float' to 'unsigned int', possible loss of data
C:\Users\xpto7\OneDrive\Desktop\SFML Snake\snakegame\src\Engine.cpp(79,29): warning C4244: 'argument': conversion from 'int' to 'float', possible loss of data
C:\Users\xpto7\OneDrive\Desktop\SFML Snake\snakegame\src\Engine.cpp(79,21): warning C4244: 'argument': conversion from 'int' to 'float', possible loss of data
  Snake.cpp
C:\Users\xpto7\OneDrive\Desktop\SFML Snake\snakegame\src\Snake.cpp(10,13): warning C4244: 'initializing': conversion from 'double' to 'float', possible loss of data
C:\Users\xpto7\OneDrive\Desktop\SFML Snake\snakegame\src\Snake.cpp(20,38): warning C4244: 'argument': conversion from 'int' to 'T', possible loss of data
          with
          [
              T=float
          ]
C:\Users\xpto7\OneDrive\Desktop\SFML Snake\snakegame\src\Snake.cpp(20,32): warning C4244: 'argument': conversion from 'int' to 'T', possible loss of data
          with
          [
              T=float
          ]
C:\Users\xpto7\OneDrive\Desktop\SFML Snake\snakegame\src\Snake.cpp(24,38): warning C4244: 'argument': conversion from 'int' to 'T', possible loss of data
          with
          [
              T=float
          ]
C:\Users\xpto7\OneDrive\Desktop\SFML Snake\snakegame\src\Snake.cpp(24,32): warning C4244: 'argument': conversion from 'int' to 'T', possible loss of data
          with
          [
              T=float
          ]
C:\Users\xpto7\OneDrive\Desktop\SFML Snake\snakegame\src\Snake.cpp(58,12): warning C4244: '=': conversion from 'int' to 'float', possible loss of data
C:\Users\xpto7\OneDrive\Desktop\SFML Snake\snakegame\src\Snake.cpp(59,12): warning C4244: '=': conversion from 'int' to 'float', possible loss of data
  main.cpp
  Generating Code...
  SFML_Starter.vcxproj -> C:\Users\xpto7\OneDrive\Desktop\SFML Snake\snakegame\Debug\SFML_Snake.exe
